<?xml version="1.0" encoding="UTF-8"?>
<!-- Generated by org.testng.reporters.JUnitReportReporter -->
<testsuite skipped="0" hostname="DESKTOP-L2KUA39" name="TestngPack.DataproviderCode" tests="5" failures="0" timestamp="2022-08-27T11:14:39 IST" time="58.250" errors="0">
  <testcase name="testActiTimeValidLogin" time="25.895" classname="TestngPack.DataproviderCode"/>
  <system-out/>
  <testcase name="testActiTimeValidLogin" time="5.401" classname="TestngPack.DataproviderCode"/>
  <system-out/>
  <testcase name="testActiTimeValidLogin" time="11.804" classname="TestngPack.DataproviderCode"/>
  <system-out/>
  <testcase name="testActiTimeValidLogin" time="7.379" classname="TestngPack.DataproviderCode"/>
  <system-out/>
  <testcase name="testActiTimeValidLogin" time="7.771" classname="TestngPack.DataproviderCode"/>
  <system-out/>
</testsuite> <!-- TestngPack.DataproviderCode -->
