<?xml version="1.0" encoding="UTF-8"?>
<!-- Generated by org.testng.reporters.JUnitReportReporter -->
<testsuite skipped="0" hostname="DESKTOP-L2KUA39" name="TestngPack.ActiTimeLogin" tests="2" failures="0" timestamp="2022-08-23T20:34:46 IST" time="53.806" errors="0">
  <testcase name="actitimelogin" time="10.812" classname="TestngPack.ActiTimeLogin"/>
  <system-out/>
  <testcase name="actitimelogin" time="42.994" classname="TestngPack.ActiTimeLogin"/>
  <system-out/>
</testsuite> <!-- TestngPack.ActiTimeLogin -->
