<?xml version="1.0" encoding="UTF-8"?>
<!-- Generated by org.testng.reporters.JUnitReportReporter -->
<testsuite skipped="0" hostname="DESKTOP-L2KUA39" name="TestngPack.Demo" tests="1" failures="0" timestamp="2022-08-20T14:29:02 IST" time="0.014" errors="0">
  <testcase name="a" time="0.014" classname="TestngPack.Demo"/>
  <system-out>
    <![CDATA[Hi I am method a]]>
  </system-out>
</testsuite> <!-- TestngPack.Demo -->
