<?xml version="1.0" encoding="UTF-8"?>
<!-- Generated by org.testng.reporters.JUnitReportReporter -->
<testsuite skipped="0" hostname="DESKTOP-L2KUA39" name="TestngPack.flag6" tests="12" failures="0" timestamp="2022-08-22T09:49:26 IST" time="0.056" errors="0">
  <testcase name="St6" time="0.000" classname="TestngPack.flag6"/>
  <system-out>
    <![CDATA[smoke test case 6]]>
  </system-out>
  <testcase name="It6" time="0.004" classname="TestngPack.flag6"/>
  <system-out>
    <![CDATA[Integration test case 6]]>
  </system-out>
  <testcase name="It5" time="0.004" classname="TestngPack.flag6"/>
  <system-out>
    <![CDATA[Integration test case 5]]>
  </system-out>
  <testcase name="It3" time="0.004" classname="TestngPack.flag6"/>
  <system-out>
    <![CDATA[Integration test case 3]]>
  </system-out>
  <testcase name="St5" time="0.004" classname="TestngPack.flag6"/>
  <system-out>
    <![CDATA[smoke test case 5]]>
  </system-out>
  <testcase name="St1" time="0.004" classname="TestngPack.flag6"/>
  <system-out>
    <![CDATA[smoke test case 1]]>
  </system-out>
  <testcase name="It2" time="0.000" classname="TestngPack.flag6"/>
  <system-out>
    <![CDATA[Integration test case 2]]>
  </system-out>
  <testcase name="St3" time="0.000" classname="TestngPack.flag6"/>
  <system-out>
    <![CDATA[smoke test case 3]]>
  </system-out>
  <testcase name="It4" time="0.004" classname="TestngPack.flag6"/>
  <system-out>
    <![CDATA[Integration test case 4]]>
  </system-out>
  <testcase name="St2" time="0.004" classname="TestngPack.flag6"/>
  <system-out>
    <![CDATA[smoke test case 2]]>
  </system-out>
  <testcase name="St4" time="0.008" classname="TestngPack.flag6"/>
  <system-out>
    <![CDATA[smoke test case 4]]>
  </system-out>
  <testcase name="It1" time="0.020" classname="TestngPack.flag6"/>
  <system-out>
    <![CDATA[Integration test case 1]]>
  </system-out>
</testsuite> <!-- TestngPack.flag6 -->
