<?xml version="1.0" encoding="UTF-8"?>
<!-- Generated by org.testng.reporters.JUnitReportReporter -->
<testsuite skipped="0" hostname="DESKTOP-L2KUA39" name="TestngPack.class4" tests="1" failures="0" timestamp="2022-08-23T20:47:36 IST" time="74.294" errors="0">
  <testcase name="launchgoogle1" time="74.294" classname="TestngPack.class4"/>
  <system-out/>
</testsuite> <!-- TestngPack.class4 -->
