<?xml version="1.0" encoding="UTF-8"?>
<!-- Generated by org.testng.reporters.JUnitReportReporter -->
<testsuite skipped="0" hostname="DESKTOP-L2KUA39" name="TestngPack.sumo" tests="1" failures="0" timestamp="2022-08-20T14:29:02 IST" time="0.002" errors="0">
  <testcase name="method1" time="0.002" classname="TestngPack.sumo"/>
  <system-out>
    <![CDATA[method1 get executed]]>
  </system-out>
</testsuite> <!-- TestngPack.sumo -->
