<?xml version="1.0" encoding="UTF-8"?>
<!-- Generated by org.testng.reporters.JUnitReportReporter -->
<testsuite skipped="1" hostname="DESKTOP-L2KUA39" name="TestngPack.flag2" tests="3" failures="0" timestamp="2022-08-22T08:43:24 IST" time="0.016" errors="0">
  <testcase name="method3" time="0.000" classname="TestngPack.flag2"/>
  <system-out>
    <![CDATA[Actitime creat Reports]]>
  </system-out>
  <testcase name="method2" time="0.016" classname="TestngPack.flag2"/>
  <system-out>
    <![CDATA[Actitime creat user]]>
  </system-out>
  <testcase name="method1" classname="TestngPack.flag2">
    <skipped/>
  </testcase> <!-- method1 -->
  <system-out/>
</testsuite> <!-- TestngPack.flag2 -->
