<?xml version="1.0" encoding="UTF-8"?>
<!-- Generated by org.testng.reporters.JUnitReportReporter -->
<testsuite skipped="0" hostname="DESKTOP-L2KUA39" name="TestngPack.flag1" tests="2" failures="0" timestamp="2022-08-20T14:34:33 IST" time="0.020" errors="0">
  <testcase name="invalidActitimetest" time="0.017" classname="TestngPack.flag1"/>
  <system-out>
    <![CDATA[invalid login is performed ]]>
  </system-out>
  <testcase name="validActitimetest" time="0.003" classname="TestngPack.flag1"/>
  <system-out>
    <![CDATA[valid login is performed ]]>
  </system-out>
</testsuite> <!-- TestngPack.flag1 -->
