<?xml version="1.0" encoding="UTF-8"?>
<!-- Generated by org.testng.reporters.JUnitReportReporter -->
<testsuite skipped="0" hostname="DESKTOP-L2KUA39" name="TestngPack.flag3" tests="9" failures="0" timestamp="2022-08-22T08:50:18 IST" time="0.047" errors="0">
  <testcase name="validLogin" time="0.031" classname="TestngPack.flag3"/>
  <system-out>
    <![CDATA[valid login]]>
  </system-out>
  <testcase name="b" time="0.000" classname="TestngPack.flag3"/>
  <system-out>
    <![CDATA[b method]]>
  </system-out>
  <testcase name="z" time="0.000" classname="TestngPack.flag3"/>
  <system-out>
    <![CDATA[z method]]>
  </system-out>
  <testcase name="m" time="0.000" classname="TestngPack.flag3"/>
  <system-out>
    <![CDATA[m method]]>
  </system-out>
  <testcase name="e" time="0.000" classname="TestngPack.flag3"/>
  <system-out>
    <![CDATA[e method]]>
  </system-out>
  <testcase name="k" time="0.000" classname="TestngPack.flag3"/>
  <system-out>
    <![CDATA[k method]]>
  </system-out>
  <testcase name="g" time="0.016" classname="TestngPack.flag3"/>
  <system-out>
    <![CDATA[g method]]>
  </system-out>
  <testcase name="v" time="0.000" classname="TestngPack.flag3"/>
  <system-out>
    <![CDATA[v method]]>
  </system-out>
  <testcase name="a" time="0.000" classname="TestngPack.flag3"/>
  <system-out>
    <![CDATA[a method]]>
  </system-out>
</testsuite> <!-- TestngPack.flag3 -->
