<?xml version="1.0" encoding="UTF-8"?>
<!-- Generated by org.testng.reporters.JUnitReportReporter -->
<testsuite skipped="0" hostname="DESKTOP-L2KUA39" name="TestngPack.ActitimeTest" tests="3" failures="0" timestamp="2022-08-22T11:44:00 IST" time="0.028" errors="0">
  <testcase name="LoginActiTime" time="0.020" classname="TestngPack.ActitimeTest"/>
  <system-out>
    <![CDATA[Actitime login]]>
  </system-out>
  <testcase name="createUserActiTime" time="0.004" classname="TestngPack.ActitimeTest"/>
  <system-out>
    <![CDATA[create user]]>
  </system-out>
  <testcase name="logoutActiTime" time="0.004" classname="TestngPack.ActitimeTest"/>
  <system-out>
    <![CDATA[Logout ActiTime]]>
  </system-out>
</testsuite> <!-- TestngPack.ActitimeTest -->
