<?xml version="1.0" encoding="UTF-8"?>
<!-- Generated by org.testng.reporters.JUnitReportReporter -->
<testsuite skipped="0" hostname="DESKTOP-L2KUA39" name="TestngPack.TestMethod1" tests="2" failures="0" timestamp="2022-08-23T21:05:16 IST" time="0.016" errors="0">
  <testcase name="method2" time="0.000" classname="TestngPack.TestMethod1"/>
  <system-out>
    <![CDATA[method21]]>
  </system-out>
  <testcase name="method1" time="0.016" classname="TestngPack.TestMethod1"/>
  <system-out>
    <![CDATA[method11]]>
  </system-out>
</testsuite> <!-- TestngPack.TestMethod1 -->
