<?xml version="1.0" encoding="UTF-8"?>
<!-- Generated by org.testng.reporters.JUnitReportReporter -->
<testsuite skipped="0" hostname="DESKTOP-L2KUA39" name="TestngPack.flag8" tests="2" failures="0" timestamp="2022-08-22T22:57:18 IST" time="107.920" errors="0">
  <testcase name="loginActiTime" time="45.448" classname="TestngPack.flag8"/>
  <system-out/>
  <testcase name="loginActiTime" time="62.472" classname="TestngPack.flag8"/>
  <system-out/>
</testsuite> <!-- TestngPack.flag8 -->
