<?xml version="1.0" encoding="UTF-8"?>
<!-- Generated by org.testng.reporters.JUnitReportReporter -->
<testsuite skipped="0" hostname="DESKTOP-L2KUA39" name="TestngPack.class3" tests="1" failures="0" timestamp="2022-08-23T20:47:36 IST" time="69.388" errors="0">
  <testcase name="launchgoogle1" time="69.388" classname="TestngPack.class3"/>
  <system-out/>
</testsuite> <!-- TestngPack.class3 -->
