<?xml version="1.0" encoding="UTF-8"?>
<!-- Generated by org.testng.reporters.JUnitReportReporter -->
<testsuite skipped="0" hostname="DESKTOP-L2KUA39" name="TestngPack.ActiTimeAssertion" tests="1" failures="0" timestamp="2022-08-25T12:00:19 IST" time="14.103" errors="0">
  <testcase name="ActiTimeTest" time="14.103" classname="TestngPack.ActiTimeAssertion"/>
  <system-out>
    <![CDATA[login page title verified
username text box is dispalyed
password text box is dispalyed
loginButton is dispalyed
Home page title verified
create user
create Report]]>
  </system-out>
</testsuite> <!-- TestngPack.ActiTimeAssertion -->
