<?xml version="1.0" encoding="UTF-8"?>
<!-- Generated by org.testng.reporters.JUnitReportReporter -->
<testsuite skipped="0" hostname="DESKTOP-L2KUA39" name="TestngPack.TestActitime1" tests="2" failures="0" timestamp="2022-08-23T20:57:14 IST" time="23.277" errors="0">
  <testcase name="logintoActitime" time="14.061" classname="TestngPack.TestActitime1"/>
  <system-out/>
  <testcase name="ActitimeLogout" time="9.216" classname="TestngPack.TestActitime1"/>
  <system-out/>
</testsuite> <!-- TestngPack.TestActitime1 -->
