<?xml version="1.0" encoding="UTF-8"?>
<!-- Generated by org.testng.reporters.JUnitReportReporter -->
<testsuite skipped="0" hostname="DESKTOP-L2KUA39" name="parameterizedTestNg.NewTest" tests="2" failures="0" timestamp="2022-08-23T13:21:25 IST" time="0.015" errors="0">
  <testcase name="Test2" time="0.000" classname="parameterizedTestNg.NewTest"/>
  <system-out>
    <![CDATA[Test2 method  Annotation]]>
  </system-out>
  <testcase name="Test1" time="0.015" classname="parameterizedTestNg.NewTest"/>
  <system-out>
    <![CDATA[Test1 method  Annotation]]>
  </system-out>
</testsuite> <!-- parameterizedTestNg.NewTest -->
